#
# There is insufficient memory for the Java Runtime Environment to continue.
# Native memory allocation (mmap) failed to map 65536 bytes for Failed to commit metaspace.
# Possible reasons:
#   The system is out of physical RAM or swap space
#   The process is running with CompressedOops enabled, and the Java Heap may be blocking the growth of the native heap
# Possible solutions:
#   Reduce memory load on the system
#   Increase physical memory or swap space
#   Check if swap backing store is full
#   Decrease Java heap size (-Xmx/-Xms)
#   Decrease number of Java threads
#   Decrease Java thread stack sizes (-Xss)
#   Set larger code cache with -XX:ReservedCodeCacheSize=
#   JVM is running with Unscaled Compressed Oops mode in which the Java heap is
#     placed in the first 4GB address space. The Java Heap base address is the
#     maximum limit for the native heap growth. Please use -XX:HeapBaseMinAddress
#     to set the Java Heap base and to place the Java Heap above 4GB virtual address.
# This output file may be truncated or incomplete.
#
#  Out of Memory Error (virtualSpaceNode.cpp:110), pid=13884, tid=3552
#
# JRE version:  (17.0.3+7) (build )
# Java VM: OpenJDK 64-Bit Server VM (17.0.3+7, mixed mode, tiered, compressed oops, compressed class ptrs, parallel gc, windows-amd64)
# No core dump will be written. Minidumps are not enabled by default on client versions of Windows
#

---------------  S U M M A R Y ------------

Command Line: --add-modules=ALL-SYSTEM --add-opens=java.base/java.util=ALL-UNNAMED --add-opens=java.base/java.lang=ALL-UNNAMED --add-opens=java.base/sun.nio.fs=ALL-UNNAMED -Declipse.application=org.eclipse.jdt.ls.core.id1 -Dosgi.bundles.defaultStartLevel=4 -Declipse.product=org.eclipse.jdt.ls.core.product -Djava.import.generatesMetadataFilesAtProjectRoot=false -Dfile.encoding=utf8 -DwatchParentProcess=false -XX:+UseParallelGC -XX:GCTimeRatio=4 -XX:AdaptiveSizePolicyWeight=90 -Dsun.zip.disableMemoryMapping=true -Xmx1G -Xms100m -XX:+HeapDumpOnOutOfMemoryError -XX:HeapDumpPath=c:\Users\Ashish yadav\AppData\Roaming\Code\User\workspaceStorage\a3a3b96cfaed0f15817b2c8b3fb5dfee\redhat.java c:\Users\Ashish yadav\.vscode\extensions\redhat.java-1.7.0-win32-x64\server\plugins\org.eclipse.equinox.launcher_1.6.400.v20210924-0641.jar -configuration c:\Users\Ashish yadav\AppData\Roaming\Code\User\globalStorage\redhat.java\1.7.0\config_win -data c:\Users\Ashish yadav\AppData\Roaming\Code\User\workspaceStorage\a3a3b96cfaed0f15817b2c8b3fb5dfee\redhat.java\jdt_ws

Host: Intel(R) Core(TM) i5-8250U CPU @ 1.60GHz, 8 cores, 7G,  Windows 10 , 64 bit Build 19041 (10.0.19041.1741)
Time: Tue Jun 28 20:59:13 2022 India Standard Time elapsed time: 0.131108 seconds (0d 0h 0m 0s)

---------------  T H R E A D  ---------------

Current thread (0x000001ac2de3d6c0):  JavaThread "Unknown thread" [_thread_in_vm, id=3552, stack(0x0000003dbc800000,0x0000003dbc900000)]

Stack: [0x0000003dbc800000,0x0000003dbc900000]
Native frames: (J=compiled Java code, j=interpreted, Vv=VM code, C=native code)
V  [jvm.dll+0x675efa]
V  [jvm.dll+0x830a24]
V  [jvm.dll+0x8321ce]
V  [jvm.dll+0x832833]
V  [jvm.dll+0x2454b5]
V  [jvm.dll+0x82c9cb]
V  [jvm.dll+0x61ab26]
V  [jvm.dll+0x61ab8a]
V  [jvm.dll+0x61d3aa]
V  [jvm.dll+0x61b4c6]
V  [jvm.dll+0x23ae70]
V  [jvm.dll+0x1eab7d]
V  [jvm.dll+0x1e05b1]
V  [jvm.dll+0x53bb80]
V  [jvm.dll+0x1f0da7]
V  [jvm.dll+0x7aae5b]
V  [jvm.dll+0x7ac202]
V  [jvm.dll+0x7ac538]
V  [jvm.dll+0x82f1af]
V  [jvm.dll+0x82ef3a]
V  [jvm.dll+0x800dc4]
V  [jvm.dll+0x80257d]
V  [jvm.dll+0x3693e1]
V  [jvm.dll+0x7e1aac]
V  [jvm.dll+0x3ebd8f]
V  [jvm.dll+0x3ed911]
C  [jli.dll+0x5277]
C  [ucrtbase.dll+0x21bb2]
C  [KERNEL32.DLL+0x17034]
C  [ntdll.dll+0x52651]


---------------  P R O C E S S  ---------------

Threads class SMR info:
_java_thread_list=0x00007ff82ee46e98, length=0, elements={
}

Java Threads: ( => current thread )

Other Threads:
  0x000001ac2de4e5f0 GCTaskThread "GC Thread#0" [stack: 0x0000003dbc900000,0x0000003dbca00000] [id=9444]

=>0x000001ac2de3d6c0 (exited) JavaThread "Unknown thread" [_thread_in_vm, id=3552, stack(0x0000003dbc800000,0x0000003dbc900000)]

Threads with active compile tasks:

VM state: not at safepoint (not fully initialized)

VM Mutex/Monitor currently owned by a thread:  ([mutex/lock_event])
[0x000001ac2de36350] Metaspace_lock - owner thread: 0x000001ac2de3d6c0

Heap address: 0x00000000c0000000, size: 1024 MB, Compressed Oops mode: 32-bit

CDS archive(s) not mapped
Compressed class space mapped at: 0x0000000100000000-0x0000000140000000, reserved size: 1073741824
Narrow klass base: 0x0000000000000000, Narrow klass shift: 3, Narrow klass range: 0x140000000

GC Precious Log:
 CPUs: 8 total, 8 available
 Memory: 8107M
 Large Page Support: Disabled
 NUMA Support: Disabled
 Compressed Oops: Enabled (32-bit)
 Alignments: Space 512K, Generation 512K, Heap 2M
 Heap Min Capacity: 100M
 Heap Initial Capacity: 100M
 Heap Max Capacity: 1G
 Pre-touch: Disabled
 Parallel Workers: 8

Heap:
 PSYoungGen      total 29696K, used 512K [0x00000000eab00000, 0x00000000ecc00000, 0x0000000100000000)
  eden space 25600K, 2% used [0x00000000eab00000,0x00000000eab80070,0x00000000ec400000)
  from space 4096K, 0% used [0x00000000ec800000,0x00000000ec800000,0x00000000ecc00000)
  to   space 4096K, 0% used [0x00000000ec400000,0x00000000ec400000,0x00000000ec800000)
 ParOldGen       total 68608K, used 0K [0x00000000c0000000, 0x00000000c4300000, 0x00000000eab00000)
  object space 68608K, 0% used [0x00000000c0000000,0x00000000c0000000,0x00000000c4300000)
 Metaspace       used 695K, committed 704K, reserved 1056768K
  class space    used 63K, committed 64K, reserved 1048576K

Card table byte_map: [0x000001ac2d800000,0x000001ac2da10000] _byte_map_base: 0x000001ac2d200000

Marking Bits: (ParMarkBitMap*) 0x00007ff82eeb4b80
 Begin Bits: [0x000001ac3fac0000, 0x000001ac40ac0000)
 End Bits:   [0x000001ac40ac0000, 0x000001ac41ac0000)

GC Heap History (0 events):
No events

Deoptimization events (0 events):
No events

Classes unloaded (0 events):
No events

Classes redefined (0 events):
No events

Internal exceptions (0 events):
No events

VM Operations (0 events):
No events

Events (20 events):
Event: 0.041 loading class java/lang/invoke/MethodHandleNatives$CallSiteContext done
Event: 0.041 loading class java/lang/invoke/ConstantCallSite
Event: 0.041 loading class java/lang/invoke/ConstantCallSite done
Event: 0.041 loading class java/lang/invoke/MutableCallSite
Event: 0.041 loading class java/lang/invoke/MutableCallSite done
Event: 0.041 loading class java/lang/invoke/VolatileCallSite
Event: 0.041 loading class java/lang/invoke/VolatileCallSite done
Event: 0.041 loading class java/lang/AssertionStatusDirectives
Event: 0.041 loading class java/lang/AssertionStatusDirectives done
Event: 0.041 loading class java/lang/StringBuffer
Event: 0.042 loading class java/lang/AbstractStringBuilder
Event: 0.042 loading class java/lang/Appendable
Event: 0.042 loading class java/lang/Appendable done
Event: 0.042 loading class java/lang/AbstractStringBuilder done
Event: 0.042 loading class java/lang/StringBuffer done
Event: 0.042 loading class java/lang/StringBuilder
Event: 0.043 loading class java/lang/StringBuilder done
Event: 0.043 loading class jdk/internal/misc/UnsafeConstants
Event: 0.043 loading class jdk/internal/misc/UnsafeConstants done
Event: 0.043 loading class jdk/internal/misc/Unsafe


Dynamic libraries:
0x00007ff7c8440000 - 0x00007ff7c844e000 	c:\Users\Ashish yadav\.vscode\extensions\redhat.java-1.7.0-win32-x64\jre\17.0.3-win32-x86_64\bin\java.exe
0x00007ff89c8d0000 - 0x00007ff89cac7000 	C:\WINDOWS\SYSTEM32\ntdll.dll
0x00007ff89b930000 - 0x00007ff89b9ed000 	C:\WINDOWS\System32\KERNEL32.DLL
0x00007ff89a5e0000 - 0x00007ff89a8ad000 	C:\WINDOWS\System32\KERNELBASE.dll
0x00007ff8974f0000 - 0x00007ff897580000 	C:\WINDOWS\SYSTEM32\apphelp.dll
0x00007ff89a2d0000 - 0x00007ff89a3d0000 	C:\WINDOWS\System32\ucrtbase.dll
0x00007ff88c640000 - 0x00007ff88c658000 	c:\Users\Ashish yadav\.vscode\extensions\redhat.java-1.7.0-win32-x64\jre\17.0.3-win32-x86_64\bin\jli.dll
0x00007ff88c550000 - 0x00007ff88c569000 	c:\Users\Ashish yadav\.vscode\extensions\redhat.java-1.7.0-win32-x64\jre\17.0.3-win32-x86_64\bin\VCRUNTIME140.dll
0x00007ff89c6f0000 - 0x00007ff89c890000 	C:\WINDOWS\System32\USER32.dll
0x00007ff89a5b0000 - 0x00007ff89a5d2000 	C:\WINDOWS\System32\win32u.dll
0x00007ff87f3c0000 - 0x00007ff87f65a000 	C:\WINDOWS\WinSxS\amd64_microsoft.windows.common-controls_6595b64144ccf1df_6.0.19041.1110_none_60b5254171f9507e\COMCTL32.dll
0x00007ff89b3b0000 - 0x00007ff89b3da000 	C:\WINDOWS\System32\GDI32.dll
0x00007ff89c650000 - 0x00007ff89c6ee000 	C:\WINDOWS\System32\msvcrt.dll
0x00007ff89a060000 - 0x00007ff89a16b000 	C:\WINDOWS\System32\gdi32full.dll
0x00007ff89a3d0000 - 0x00007ff89a46d000 	C:\WINDOWS\System32\msvcp_win.dll
0x00007ff89b570000 - 0x00007ff89b5a0000 	C:\WINDOWS\System32\IMM32.DLL
0x00007ff8947d0000 - 0x00007ff8947dc000 	c:\Users\Ashish yadav\.vscode\extensions\redhat.java-1.7.0-win32-x64\jre\17.0.3-win32-x86_64\bin\vcruntime140_1.dll
0x00007ff8401c0000 - 0x00007ff840251000 	c:\Users\Ashish yadav\.vscode\extensions\redhat.java-1.7.0-win32-x64\jre\17.0.3-win32-x86_64\bin\msvcp140.dll
0x00007ff82e330000 - 0x00007ff82ef78000 	c:\Users\Ashish yadav\.vscode\extensions\redhat.java-1.7.0-win32-x64\jre\17.0.3-win32-x86_64\bin\server\jvm.dll
0x00007ff89b300000 - 0x00007ff89b3ae000 	C:\WINDOWS\System32\ADVAPI32.dll
0x00007ff89ab20000 - 0x00007ff89abbc000 	C:\WINDOWS\System32\sechost.dll
0x00007ff89bbd0000 - 0x00007ff89bcf5000 	C:\WINDOWS\System32\RPCRT4.dll
0x00007ff89b920000 - 0x00007ff89b929000 	C:\WINDOWS\System32\WSOCK32.dll
0x00007ff89ba50000 - 0x00007ff89babb000 	C:\WINDOWS\System32\WS2_32.dll
0x00007ff89b260000 - 0x00007ff89b26a000 	C:\WINDOWS\System32\VERSION.dll
0x00007ff89b4b0000 - 0x00007ff89b4b8000 	C:\WINDOWS\System32\PSAPI.DLL
0x00007ff881a90000 - 0x00007ff881ab7000 	C:\WINDOWS\SYSTEM32\WINMM.dll
0x00007ff898860000 - 0x00007ff898872000 	C:\WINDOWS\SYSTEM32\kernel.appcore.dll
0x00007ff892260000 - 0x00007ff89226a000 	c:\Users\Ashish yadav\.vscode\extensions\redhat.java-1.7.0-win32-x64\jre\17.0.3-win32-x86_64\bin\jimage.dll
0x00007ff897e50000 - 0x00007ff898034000 	C:\WINDOWS\SYSTEM32\DBGHELP.DLL
0x00007ff8827b0000 - 0x00007ff8827dc000 	C:\WINDOWS\SYSTEM32\dbgcore.DLL
0x00007ff89a520000 - 0x00007ff89a5a2000 	C:\WINDOWS\System32\bcryptPrimitives.dll
0x00007ff882180000 - 0x00007ff8821a5000 	c:\Users\Ashish yadav\.vscode\extensions\redhat.java-1.7.0-win32-x64\jre\17.0.3-win32-x86_64\bin\java.dll
0x00007ff882440000 - 0x00007ff882458000 	c:\Users\Ashish yadav\.vscode\extensions\redhat.java-1.7.0-win32-x64\jre\17.0.3-win32-x86_64\bin\zip.dll

dbghelp: loaded successfully - version: 4.0.5 - missing functions: none
symbol engine: initialized successfully - sym options: 0x614 - pdb path: .;c:\Users\Ashish yadav\.vscode\extensions\redhat.java-1.7.0-win32-x64\jre\17.0.3-win32-x86_64\bin;C:\WINDOWS\SYSTEM32;C:\WINDOWS\WinSxS\amd64_microsoft.windows.common-controls_6595b64144ccf1df_6.0.19041.1110_none_60b5254171f9507e;c:\Users\Ashish yadav\.vscode\extensions\redhat.java-1.7.0-win32-x64\jre\17.0.3-win32-x86_64\bin\server

VM Arguments:
jvm_args: --add-modules=ALL-SYSTEM --add-opens=java.base/java.util=ALL-UNNAMED --add-opens=java.base/java.lang=ALL-UNNAMED --add-opens=java.base/sun.nio.fs=ALL-UNNAMED -Declipse.application=org.eclipse.jdt.ls.core.id1 -Dosgi.bundles.defaultStartLevel=4 -Declipse.product=org.eclipse.jdt.ls.core.product -Djava.import.generatesMetadataFilesAtProjectRoot=false -Dfile.encoding=utf8 -DwatchParentProcess=false -XX:+UseParallelGC -XX:GCTimeRatio=4 -XX:AdaptiveSizePolicyWeight=90 -Dsun.zip.disableMemoryMapping=true -Xmx1G -Xms100m -XX:+HeapDumpOnOutOfMemoryError -XX:HeapDumpPath=c:\Users\Ashish yadav\AppData\Roaming\Code\User\workspaceStorage\a3a3b96cfaed0f15817b2c8b3fb5dfee\redhat.java 
java_command: c:\Users\Ashish yadav\.vscode\extensions\redhat.java-1.7.0-win32-x64\server\plugins\org.eclipse.equinox.launcher_1.6.400.v20210924-0641.jar -configuration c:\Users\Ashish yadav\AppData\Roaming\Code\User\globalStorage\redhat.java\1.7.0\config_win -data c:\Users\Ashish yadav\AppData\Roaming\Code\User\workspaceStorage\a3a3b96cfaed0f15817b2c8b3fb5dfee\redhat.java\jdt_ws
java_class_path (initial): c:\Users\Ashish yadav\.vscode\extensions\redhat.java-1.7.0-win32-x64\server\plugins\org.eclipse.equinox.launcher_1.6.400.v20210924-0641.jar
Launcher Type: SUN_STANDARD

[Global flags]
    uintx AdaptiveSizePolicyWeight                 = 90                                        {product} {command line}
     intx CICompilerCount                          = 4                                         {product} {ergonomic}
    uintx GCTimeRatio                              = 4                                         {product} {command line}
     bool HeapDumpOnOutOfMemoryError               = true                                   {manageable} {command line}
    ccstr HeapDumpPath                             = c:\Users\Ashish yadav\AppData\Roaming\Code\User\workspaceStorage\a3a3b96cfaed0f15817b2c8b3fb5dfee\redhat.java         {manageable} {command line}
   size_t InitialHeapSize                          = 104857600                                 {product} {command line}
   size_t MaxHeapSize                              = 1073741824                                {product} {command line}
   size_t MaxNewSize                               = 357564416                                 {product} {ergonomic}
   size_t MinHeapDeltaBytes                        = 524288                                    {product} {ergonomic}
   size_t MinHeapSize                              = 104857600                                 {product} {command line}
   size_t NewSize                                  = 34603008                                  {product} {ergonomic}
    uintx NonNMethodCodeHeapSize                   = 5839372                                {pd product} {ergonomic}
    uintx NonProfiledCodeHeapSize                  = 122909434                              {pd product} {ergonomic}
   size_t OldSize                                  = 70254592                                  {product} {ergonomic}
    uintx ProfiledCodeHeapSize                     = 122909434                              {pd product} {ergonomic}
    uintx ReservedCodeCacheSize                    = 251658240                              {pd product} {ergonomic}
     bool SegmentedCodeCache                       = true                                      {product} {ergonomic}
   size_t SoftMaxHeapSize                          = 1073741824                             {manageable} {ergonomic}
     bool UseCompressedClassPointers               = true                           {product lp64_product} {ergonomic}
     bool UseCompressedOops                        = true                           {product lp64_product} {ergonomic}
     bool UseLargePagesIndividualAllocation        = false                                  {pd product} {ergonomic}
     bool UseParallelGC                            = true                                      {product} {command line}

Logging:
Log output configuration:
 #0: stdout all=warning uptime,level,tags
 #1: stderr all=off uptime,level,tags

Environment Variables:
PATH=C:\WINDOWS\system32;C:\WINDOWS;C:\WINDOWS\system32\Wbem;C:\Python39\Scripts\;C:\Python39\;C:\WINDOWS\System32\WindowsPowerShell\v1.0\;C:\WINDOWS\System32\OpenSSH\;C:\Program Files\Java\jdk-13.0.2\bin;C:\apache-ant-1.9.14\bin;%JAVA_HOME%\bin;C:\Users\Ashish yadav\AppData\Local\Programs\Python\Python38-32;C:\ProgramData\chocolatey\bin;C:\Program Files\nodejs\;C:\Program Files\Git\cmd;D:\xampp\php;C:\Program Files\TortoiseSVN\bin;C:\WINDOWS\System32\Wbem;E:\xampp\php;C:\composer;C:\Program Files\dotnet\;C:\Program Files (x86)\dotnet\;C:\Users\Ashish yadav\AppData\Local\Programs\Python\Python310;C:\Users\Ashish yadav\AppData\Local\Programs\Python\Python310\Scripts;C:\Users\Ashish yadav\AppData\Local\Programs\Python\Python310\Scripts\;C:\Users\Ashish yadav\AppData\Local\Programs\Python\Python310\;C:\Users\Ashish yadav\AppData\Local\Microsoft\WindowsApps;C:\Program Files\JetBrains\PyCharm Community Edition 2020.2.1\bin;C:\Users\Ashish yadav\AppData\Local\Programs\Microsoft VS Code\bin;C:\Users\Ashish yadav\AppData\Local\GitHubDesktop\bin;C:\Users\Ashish yadav\AppData\Roaming\npm;C:\xampp\php;C:\Users\Ashish yadav\AppData\Local\ComposerSetup\bin;C:\Users\Ashish yadav\AppData\Roaming\Composer\vendor\bin;C:\Program Files\MongoDB\Server\4.4\bin;D:\flutter\bin;C:\Program Files\heroku\bin;C:\Users\Ashish yadav\AppData\Local\Android\Sdk\platform-tools;C:\Program Files\JetBrains\IntelliJ IDEA Community Edition 2022.1.3\bin
USERNAME=Ashish yadav
OS=Windows_NT
PROCESSOR_IDENTIFIER=Intel64 Family 6 Model 142 Stepping 10, GenuineIntel



---------------  S Y S T E M  ---------------

OS:
 Windows 10 , 64 bit Build 19041 (10.0.19041.1741)
OS uptime: 0 days 7:49 hours

CPU: total 8 (initial active 8) (4 cores per cpu, 2 threads per core) family 6 model 142 stepping 10 microcode 0xb4, cx8, cmov, fxsr, ht, mmx, 3dnowpref, sse, sse2, sse3, ssse3, sse4.1, sse4.2, popcnt, lzcnt, tsc, tscinvbit, avx, avx2, aes, erms, clmul, bmi1, bmi2, adx, fma, vzeroupper, clflush, clflushopt

Memory: 4k page, system-wide physical 8107M (292M free)
TotalPageFile size 13075M (AvailPageFile size 3M)
current process WorkingSet (physical memory assigned to process): 14M, peak: 14M
current process commit charge ("private bytes"): 147M, peak: 147M

vm_info: OpenJDK 64-Bit Server VM (17.0.3+7) for windows-amd64 JRE (17.0.3+7), built on Apr 19 2022 16:55:35 by "" with MS VC++ 16.7 (VS2019)

END.
